\BOOKMARK [1][-]{section.1}{SP 500 Analysis}{}% 1
\BOOKMARK [1][-]{section.2}{Volatility Comparison}{}% 2
\BOOKMARK [2][-]{subsection.2.1}{Price data infile}{section.2}% 3
\BOOKMARK [2][-]{subsection.2.2}{Smoothed index}{section.2}% 4
\BOOKMARK [2][-]{subsection.2.3}{Find max and min index}{section.2}% 5
\BOOKMARK [2][-]{subsection.2.4}{Movements of S\046P 500 Daily Price}{section.2}% 6
\BOOKMARK [2][-]{subsection.2.5}{Implementation of Autoregressive Integrated Moving Average Model}{section.2}% 7
\BOOKMARK [2][-]{subsection.2.6}{Forecast and Simulation}{section.2}% 8
\BOOKMARK [2][-]{subsection.2.7}{The Implementation of Generalized AutoRegressive Conditional Heteroskedasticity Model}{section.2}% 9
\BOOKMARK [2][-]{subsection.2.8}{Log Returns and Residuals}{section.2}% 10
\BOOKMARK [2][-]{subsection.2.9}{Normality of the Data}{section.2}% 11
\BOOKMARK [2][-]{subsection.2.10}{The Quantiles of Normal Distribution Plot}{section.2}% 12
\BOOKMARK [2][-]{subsection.2.11}{Autocorrelation Function Plot}{section.2}% 13
\BOOKMARK [1][-]{section.3}{Weekend Effect}{}% 14
\BOOKMARK [2][-]{subsection.3.1}{Introduction}{section.3}% 15
\BOOKMARK [2][-]{subsection.3.2}{Quantity of interest}{section.3}% 16
\BOOKMARK [2][-]{subsection.3.3}{Quantity of Interest Plots}{section.3}% 17
\BOOKMARK [2][-]{subsection.3.4}{Mann\205Whitney U Test}{section.3}% 18
\BOOKMARK [2][-]{subsection.3.5}{Paired T-test}{section.3}% 19
\BOOKMARK [2][-]{subsection.3.6}{The Kruskal-Wallis H-test}{section.3}% 20
\BOOKMARK [2][-]{subsection.3.7}{The Friedman Test}{section.3}% 21
\BOOKMARK [2][-]{subsection.3.8}{Statistical Tests Result Table}{section.3}% 22
\BOOKMARK [2][-]{subsection.3.9}{Histogram}{section.3}% 23
\BOOKMARK [2][-]{subsection.3.10}{Kernel Estimation}{section.3}% 24
\BOOKMARK [2][-]{subsection.3.11}{Bootstrap}{section.3}% 25
\BOOKMARK [2][-]{subsection.3.12}{Bootstrap Results}{section.3}% 26
\BOOKMARK [1][-]{section.4}{Conclusions and Limitations}{}% 27
